# JRE version: Java(TM) SE Runtime Environment (8.0_181-b13) (build 1.8.0_181-b13)
# Java VM: Java HotSpot(TM) 64-Bit Server VM (25.181-b13 mixed mode windows-amd64 compressed oops)
Heap:
 PSYoungGen      total 69120K, used 54725K [0x00000000d7f00000, 0x00000000dfa00000, 0x0000000100000000)
  eden space 48640K, 81% used [0x00000000d7f00000,0x00000000da59ad50,0x00000000dae80000)
  from space 20480K, 74% used [0x00000000dae80000,0x00000000dbd568e8,0x00000000dc280000)
  to   space 19968K, 0% used [0x00000000de680000,0x00000000de680000,0x00000000dfa00000)
 ParOldGen       total 89088K, used 50769K [0x0000000087c00000, 0x000000008d300000, 0x00000000d7f00000)
  object space 89088K, 56% used [0x0000000087c00000,0x000000008ad94430,0x000000008d300000)
 Metaspace       used 29821K, capacity 31618K, committed 31744K, reserved 1077248K
  class space    used 3935K, capacity 4293K, committed 4352K, reserved 1048576K
GC Heap History (10 events):
Event: 14.105 GC heap before
{Heap before GC invocations=4 (full 1):
 PSYoungGen      total 36352K, used 5109K [0x00000000d7f00000, 0x00000000da780000, 0x0000000100000000)
  eden space 31232K, 0% used [0x00000000d7f00000,0x00000000d7f00000,0x00000000d9d80000)
  from space 5120K, 99% used [0x00000000d9d80000,0x00000000da27d540,0x00000000da280000)
  to   space 5120K, 0% used [0x00000000da280000,0x00000000da280000,0x00000000da780000)
 ParOldGen       total 83456K, used 23720K [0x0000000087c00000, 0x000000008cd80000, 0x00000000d7f00000)
  object space 83456K, 28% used [0x0000000087c00000,0x000000008932a328,0x000000008cd80000)
 Metaspace       used 20389K, capacity 21132K, committed 21248K, reserved 1067008K
  class space    used 2785K, capacity 2982K, committed 3072K, reserved 1048576K
Event: 14.185 GC heap after
Heap after GC invocations=4 (full 1):
 PSYoungGen      total 36352K, used 0K [0x00000000d7f00000, 0x00000000da780000, 0x0000000100000000)
  eden space 31232K, 0% used [0x00000000d7f00000,0x00000000d7f00000,0x00000000d9d80000)
  from space 5120K, 0% used [0x00000000d9d80000,0x00000000d9d80000,0x00000000da280000)
  to   space 5120K, 0% used [0x00000000da280000,0x00000000da280000,0x00000000da780000)
 ParOldGen       total 89088K, used 28140K [0x0000000087c00000, 0x000000008d300000, 0x00000000d7f00000)
  object space 89088K, 31% used [0x0000000087c00000,0x000000008977b028,0x000000008d300000)
 Metaspace       used 20389K, capacity 21132K, committed 21248K, reserved 1067008K
  class space    used 2785K, capacity 2982K, committed 3072K, reserved 1048576K
}
Event: 25.805 GC heap before
{Heap before GC invocations=5 (full 1):
 PSYoungGen      total 36352K, used 31232K [0x00000000d7f00000, 0x00000000da780000, 0x0000000100000000)
  eden space 31232K, 100% used [0x00000000d7f00000,0x00000000d9d80000,0x00000000d9d80000)
  from space 5120K, 0% used [0x00000000d9d80000,0x00000000d9d80000,0x00000000da280000)
  to   space 5120K, 0% used [0x00000000da280000,0x00000000da280000,0x00000000da780000)
 ParOldGen       total 89088K, used 28140K [0x0000000087c00000, 0x000000008d300000, 0x00000000d7f00000)
  object space 89088K, 31% used [0x0000000087c00000,0x000000008977b028,0x000000008d300000)
 Metaspace       used 23739K, capacity 24912K, committed 25216K, reserved 1071104K
  class space    used 3311K, capacity 3586K, committed 3712K, reserved 1048576K
Event: 25.814 GC heap after
Heap after GC invocations=5 (full 1):
 PSYoungGen      total 36352K, used 5101K [0x00000000d7f00000, 0x00000000db680000, 0x0000000100000000)
  eden space 31232K, 0% used [0x00000000d7f00000,0x00000000d7f00000,0x00000000d9d80000)
  from space 5120K, 99% used [0x00000000da280000,0x00000000da77b6f0,0x00000000da780000)
  to   space 5120K, 0% used [0x00000000d9d80000,0x00000000d9d80000,0x00000000da280000)
 ParOldGen       total 89088K, used 35136K [0x0000000087c00000, 0x000000008d300000, 0x00000000d7f00000)
  object space 89088K, 39% used [0x0000000087c00000,0x0000000089e503e8,0x000000008d300000)
 Metaspace       used 23739K, capacity 24912K, committed 25216K, reserved 1071104K
  class space    used 3311K, capacity 3586K, committed 3712K, reserved 1048576K
}
Event: 26.104 GC heap before
{Heap before GC invocations=6 (full 1):
 PSYoungGen      total 36352K, used 32652K [0x00000000d7f00000, 0x00000000db680000, 0x0000000100000000)
  eden space 31232K, 88% used [0x00000000d7f00000,0x00000000d99e7a78,0x00000000d9d80000)
  from space 5120K, 99% used [0x00000000da280000,0x00000000da77b6f0,0x00000000da780000)
  to   space 5120K, 0% used [0x00000000d9d80000,0x00000000d9d80000,0x00000000da280000)
 ParOldGen       total 89088K, used 35136K [0x0000000087c00000, 0x000000008d300000, 0x00000000d7f00000)
  object space 89088K, 39% used [0x0000000087c00000,0x0000000089e503e8,0x000000008d300000)
 Metaspace       used 24046K, capacity 25314K, committed 25472K, reserved 1071104K
  class space    used 3331K, capacity 3621K, committed 3712K, reserved 1048576K
Event: 26.111 GC heap after
Heap after GC invocations=6 (full 1):
 PSYoungGen      total 36352K, used 5112K [0x00000000d7f00000, 0x00000000dd400000, 0x0000000100000000)
  eden space 31232K, 0% used [0x00000000d7f00000,0x00000000d7f00000,0x00000000d9d80000)
  from space 5120K, 99% used [0x00000000d9d80000,0x00000000da27e030,0x00000000da280000)
  to   space 17920K, 0% used [0x00000000dc280000,0x00000000dc280000,0x00000000dd400000)
 ParOldGen       total 89088K, used 43011K [0x0000000087c00000, 0x000000008d300000, 0x00000000d7f00000)
  object space 89088K, 48% used [0x0000000087c00000,0x000000008a600c30,0x000000008d300000)
 Metaspace       used 24046K, capacity 25314K, committed 25472K, reserved 1071104K
  class space    used 3331K, capacity 3621K, committed 3712K, reserved 1048576K
}
Event: 27.364 GC heap before
{Heap before GC invocations=7 (full 1):
 PSYoungGen      total 36352K, used 36344K [0x00000000d7f00000, 0x00000000dd400000, 0x0000000100000000)
  eden space 31232K, 100% used [0x00000000d7f00000,0x00000000d9d80000,0x00000000d9d80000)
  from space 5120K, 99% used [0x00000000d9d80000,0x00000000da27e030,0x00000000da280000)
  to   space 17920K, 0% used [0x00000000dc280000,0x00000000dc280000,0x00000000dd400000)
 ParOldGen       total 89088K, used 43011K [0x0000000087c00000, 0x000000008d300000, 0x00000000d7f00000)
  object space 89088K, 48% used [0x0000000087c00000,0x000000008a600c30,0x000000008d300000)
 Metaspace       used 27282K, capacity 28534K, committed 28800K, reserved 1075200K
  class space    used 3652K, capacity 3955K, committed 3968K, reserved 1048576K
Event: 27.381 GC heap after
Heap after GC invocations=7 (full 1):
 PSYoungGen      total 66560K, used 17910K [0x00000000d7f00000, 0x00000000dd980000, 0x0000000100000000)
  eden space 48640K, 0% used [0x00000000d7f00000,0x00000000d7f00000,0x00000000dae80000)
  from space 17920K, 99% used [0x00000000dc280000,0x00000000dd3fd970,0x00000000dd400000)
  to   space 20480K, 0% used [0x00000000dae80000,0x00000000dae80000,0x00000000dc280000)
 ParOldGen       total 89088K, used 43514K [0x0000000087c00000, 0x000000008d300000, 0x00000000d7f00000)
  object space 89088K, 48% used [0x0000000087c00000,0x000000008a67eb10,0x000000008d300000)
 Metaspace       used 27282K, capacity 28534K, committed 28800K, reserved 1075200K
  class space    used 3652K, capacity 3955K, committed 3968K, reserved 1048576K
}
Event: 28.276 GC heap before
{Heap before GC invocations=8 (full 1):
 PSYoungGen      total 66560K, used 66550K [0x00000000d7f00000, 0x00000000dd980000, 0x0000000100000000)
  eden space 48640K, 100% used [0x00000000d7f00000,0x00000000dae80000,0x00000000dae80000)
  from space 17920K, 99% used [0x00000000dc280000,0x00000000dd3fd970,0x00000000dd400000)
  to   space 20480K, 0% used [0x00000000dae80000,0x00000000dae80000,0x00000000dc280000)
 ParOldGen       total 89088K, used 43514K [0x0000000087c00000, 0x000000008d300000, 0x00000000d7f00000)
  object space 89088K, 48% used [0x0000000087c00000,0x000000008a67eb10,0x000000008d300000)
 Metaspace       used 29068K, capacity 30840K, committed 30976K, reserved 1075200K
  class space    used 3903K, capacity 4242K, committed 4352K, reserved 1048576K
Event: 28.317 GC heap after
Heap after GC invocations=8 (full 1):
 PSYoungGen      total 69120K, used 15194K [0x00000000d7f00000, 0x00000000dfa00000, 0x0000000100000000)
  eden space 48640K, 0% used [0x00000000d7f00000,0x00000000d7f00000,0x00000000dae80000)
  from space 20480K, 74% used [0x00000000dae80000,0x00000000dbd568e8,0x00000000dc280000)
  to   space 19968K, 0% used [0x00000000de680000,0x00000000de680000,0x00000000dfa00000)
 ParOldGen       total 89088K, used 50769K [0x0000000087c00000, 0x000000008d300000, 0x00000000d7f00000)
  object space 89088K, 56% used [0x0000000087c00000,0x000000008ad94430,0x000000008d300000)
 Metaspace       used 29068K, capacity 30840K, committed 30976K, reserved 1075200K
  class space    used 3903K, capacity 4242K, committed 4352K, reserved 1048576K
}

